<?xml version="1.0" ?>
<coverage version="5.0.3" timestamp="1579179731072" lines-valid="755" lines-covered="755" line-rate="1" branches-valid="300" branches-covered="300" branch-rate="1" complexity="0">
	<!-- Generated by coverage.py: https://coverage.readthedocs.io -->
	<!-- Based on https://raw.githubusercontent.com/cobertura/web/master/htdocs/xml/coverage-04.dtd -->
	<sources>
		<source>/usr/src/app</source>
	</sources>
	<packages>
		<package name="." line-rate="1" branch-rate="1" complexity="0">
			<classes>
				<class name="main.py" filename="main.py" complexity="0" line-rate="1" branch-rate="1">
					<methods/>
					<lines>
						<line number="2" hits="1"/>
						<line number="8" hits="1"/>
						<line number="9" hits="1"/>
						<line number="10" hits="1"/>
						<line number="13" hits="1"/>
						<line number="14" hits="1"/>
						<line number="15" hits="1"/>
						<line number="16" hits="1"/>
						<line number="17" hits="1"/>
						<line number="20" hits="1"/>
						<line number="26" hits="1"/>
						<line number="35" hits="1"/>
						<line number="36" hits="1"/>
						<line number="39" hits="1"/>
						<line number="40" hits="1"/>
						<line number="41" hits="1"/>
						<line number="42" hits="1"/>
						<line number="43" hits="1"/>
						<line number="46" hits="1"/>
						<line number="49" hits="1"/>
						<line number="50" hits="1"/>
						<line number="53" hits="1"/>
						<line number="56" hits="1"/>
						<line number="57" hits="1"/>
						<line number="58" hits="1"/>
						<line number="61" hits="1" branch="true" condition-coverage="100% (2/2)"/>
						<line number="62" hits="1" branch="true" condition-coverage="100% (2/2)"/>
						<line number="63" hits="1"/>
						<line number="66" hits="1" branch="true" condition-coverage="100% (2/2)"/>
						<line number="67" hits="1"/>
						<line number="69" hits="1"/>
						<line number="70" hits="1"/>
						<line number="71" hits="1" branch="true" condition-coverage="100% (2/2)"/>
						<line number="72" hits="1"/>
						<line number="75" hits="1" branch="true" condition-coverage="100% (2/2)"/>
						<line number="76" hits="1"/>
					</lines>
				</class>
			</classes>
		</package>
		<package name="veracode" line-rate="1" branch-rate="1" complexity="0">
			<classes>
				<class name="__init__.py" filename="veracode/__init__.py" complexity="0" line-rate="1" branch-rate="1">
					<methods/>
					<lines>
						<line number="4" hits="1"/>
						<line number="5" hits="1"/>
						<line number="6" hits="1"/>
						<line number="7" hits="1"/>
						<line number="8" hits="1"/>
						<line number="9" hits="1"/>
					</lines>
				</class>
				<class name="api.py" filename="veracode/api.py" complexity="0" line-rate="1" branch-rate="1">
					<methods/>
					<lines>
						<line number="2" hits="1"/>
						<line number="7" hits="1"/>
						<line number="8" hits="1"/>
						<line number="9" hits="1"/>
						<line number="10" hits="1"/>
						<line number="11" hits="1"/>
						<line number="12" hits="1"/>
						<line number="13" hits="1"/>
						<line number="14" hits="1"/>
						<line number="15" hits="1"/>
						<line number="16" hits="1"/>
						<line number="19" hits="1"/>
						<line number="22" hits="1"/>
						<line number="23" hits="1"/>
						<line number="30" hits="1"/>
						<line number="31" hits="1"/>
						<line number="34" hits="1"/>
						<line number="36" hits="1"/>
						<line number="39" hits="1"/>
						<line number="44" hits="1"/>
						<line number="45" hits="1"/>
						<line number="46" hits="1" branch="true" condition-coverage="100% (2/2)"/>
						<line number="47" hits="1" branch="true" condition-coverage="100% (2/2)"/>
						<line number="48" hits="1"/>
						<line number="49" hits="1"/>
						<line number="51" hits="1" branch="true" condition-coverage="100% (2/2)"/>
						<line number="52" hits="1"/>
						<line number="54" hits="1"/>
						<line number="55" hits="1"/>
						<line number="57" hits="1"/>
						<line number="59" hits="1"/>
						<line number="62" hits="1"/>
						<line number="70" hits="1"/>
						<line number="72" hits="1"/>
						<line number="73" hits="1"/>
						<line number="76" hits="1"/>
						<line number="78" hits="1"/>
						<line number="89" hits="1"/>
						<line number="96" hits="1"/>
						<line number="108" hits="1"/>
						<line number="116" hits="1"/>
						<line number="117" hits="1"/>
						<line number="123" hits="1"/>
						<line number="124" hits="1"/>
						<line number="129" hits="1"/>
						<line number="130" hits="1"/>
						<line number="132" hits="1"/>
						<line number="133" hits="1"/>
						<line number="138" hits="1"/>
						<line number="139" hits="1"/>
						<line number="141" hits="1"/>
						<line number="142" hits="1"/>
						<line number="148" hits="1"/>
						<line number="149" hits="1"/>
						<line number="154" hits="1"/>
						<line number="155" hits="1"/>
						<line number="157" hits="1"/>
						<line number="158" hits="1"/>
						<line number="163" hits="1"/>
						<line number="164" hits="1"/>
						<line number="166" hits="1"/>
						<line number="167" hits="1"/>
						<line number="173" hits="1"/>
						<line number="174" hits="1"/>
						<line number="179" hits="1"/>
						<line number="180" hits="1"/>
						<line number="182" hits="1"/>
						<line number="183" hits="1"/>
						<line number="188" hits="1"/>
						<line number="189" hits="1"/>
						<line number="191" hits="1"/>
						<line number="192" hits="1"/>
						<line number="193" hits="1" branch="true" condition-coverage="100% (2/2)"/>
						<line number="194" hits="1"/>
						<line number="195" hits="1"/>
						<line number="198" hits="1"/>
						<line number="203" hits="1"/>
						<line number="205" hits="1"/>
						<line number="208" hits="1"/>
						<line number="211" hits="1"/>
						<line number="232" hits="1"/>
						<line number="233" hits="1"/>
						<line number="234" hits="1"/>
						<line number="235" hits="1"/>
						<line number="236" hits="1"/>
						<line number="238" hits="1"/>
						<line number="239" hits="1"/>
						<line number="245" hits="1"/>
						<line number="246" hits="1"/>
						<line number="251" hits="1"/>
						<line number="252" hits="1"/>
						<line number="254" hits="1"/>
						<line number="255" hits="1"/>
						<line number="260" hits="1"/>
						<line number="261" hits="1"/>
						<line number="263" hits="1"/>
						<line number="264" hits="1"/>
						<line number="270" hits="1"/>
						<line number="271" hits="1"/>
						<line number="276" hits="1"/>
						<line number="277" hits="1"/>
						<line number="279" hits="1"/>
						<line number="280" hits="1"/>
						<line number="285" hits="1"/>
						<line number="286" hits="1"/>
						<line number="288" hits="1"/>
						<line number="289" hits="1"/>
						<line number="295" hits="1"/>
						<line number="296" hits="1"/>
						<line number="301" hits="1"/>
						<line number="302" hits="1"/>
						<line number="304" hits="1"/>
						<line number="305" hits="1"/>
						<line number="310" hits="1"/>
						<line number="311" hits="1"/>
						<line number="313" hits="1"/>
						<line number="314" hits="1"/>
						<line number="320" hits="1"/>
						<line number="321" hits="1"/>
						<line number="327" hits="1"/>
						<line number="331" hits="1"/>
						<line number="333" hits="1"/>
						<line number="334" hits="1"/>
						<line number="339" hits="1"/>
						<line number="343" hits="1"/>
						<line number="345" hits="1"/>
						<line number="346" hits="1"/>
						<line number="352" hits="1"/>
						<line number="353" hits="1"/>
						<line number="358" hits="1"/>
						<line number="359" hits="1"/>
						<line number="361" hits="1"/>
						<line number="362" hits="1"/>
						<line number="367" hits="1"/>
						<line number="368" hits="1"/>
						<line number="372" hits="1"/>
						<line number="377" hits="1"/>
						<line number="379" hits="1"/>
						<line number="382" hits="1"/>
						<line number="383" hits="1"/>
						<line number="386" hits="1"/>
						<line number="397" hits="1"/>
						<line number="398" hits="1"/>
						<line number="404" hits="1"/>
						<line number="405" hits="1"/>
						<line number="410" hits="1"/>
						<line number="413" hits="1"/>
						<line number="415" hits="1"/>
						<line number="416" hits="1"/>
						<line number="421" hits="1"/>
						<line number="422" hits="1"/>
						<line number="427" hits="1"/>
						<line number="431" hits="1"/>
						<line number="432" hits="1"/>
						<line number="433" hits="1"/>
						<line number="434" hits="1"/>
						<line number="435" hits="1"/>
						<line number="436" hits="1"/>
						<line number="437" hits="1"/>
						<line number="440" hits="1"/>
						<line number="444" hits="1" branch="true" condition-coverage="100% (2/2)"/>
						<line number="445" hits="1"/>
						<line number="447" hits="1"/>
						<line number="450" hits="1"/>
						<line number="451" hits="1"/>
						<line number="457" hits="1"/>
						<line number="458" hits="1"/>
						<line number="459" hits="1" branch="true" condition-coverage="100% (2/2)"/>
						<line number="460" hits="1"/>
						<line number="466" hits="1" branch="true" condition-coverage="100% (2/2)"/>
						<line number="467" hits="1"/>
						<line number="475" hits="1"/>
						<line number="476" hits="1"/>
						<line number="477" hits="1" branch="true" condition-coverage="100% (2/2)"/>
						<line number="478" hits="1"/>
						<line number="479" hits="1"/>
						<line number="480" hits="1" branch="true" condition-coverage="100% (2/2)"/>
						<line number="481" hits="1"/>
						<line number="482" hits="1"/>
						<line number="483" hits="1"/>
						<line number="484" hits="1" branch="true" condition-coverage="100% (2/2)"/>
						<line number="485" hits="1"/>
						<line number="486" hits="1"/>
						<line number="487" hits="1"/>
						<line number="488" hits="1" branch="true" condition-coverage="100% (2/2)"/>
						<line number="489" hits="1"/>
						<line number="490" hits="1"/>
						<line number="491" hits="1"/>
						<line number="492" hits="1" branch="true" condition-coverage="100% (2/2)"/>
						<line number="493" hits="1"/>
						<line number="494" hits="1"/>
						<line number="495" hits="1"/>
						<line number="496" hits="1"/>
						<line number="497" hits="1"/>
						<line number="498" hits="1"/>
						<line number="501" hits="1"/>
						<line number="504" hits="1"/>
						<line number="506" hits="1" branch="true" condition-coverage="100% (2/2)"/>
						<line number="507" hits="1"/>
						<line number="508" hits="1"/>
						<line number="510" hits="1"/>
						<line number="513" hits="1"/>
						<line number="520" hits="1"/>
						<line number="522" hits="1"/>
						<line number="525" hits="1" branch="true" condition-coverage="100% (2/2)"/>
						<line number="526" hits="1"/>
						<line number="527" hits="1"/>
						<line number="528" hits="1" branch="true" condition-coverage="100% (2/2)"/>
						<line number="529" hits="1"/>
						<line number="530" hits="1"/>
						<line number="531" hits="1" branch="true" condition-coverage="100% (2/2)"/>
						<line number="532" hits="1"/>
						<line number="533" hits="1"/>
						<line number="534" hits="1" branch="true" condition-coverage="100% (2/2)"/>
						<line number="535" hits="1"/>
						<line number="536" hits="1"/>
						<line number="539" hits="1" branch="true" condition-coverage="100% (2/2)"/>
						<line number="540" hits="1"/>
						<line number="541" hits="1" branch="true" condition-coverage="100% (2/2)"/>
						<line number="542" hits="1"/>
						<line number="543" hits="1"/>
						<line number="544" hits="1" branch="true" condition-coverage="100% (2/2)"/>
						<line number="545" hits="1"/>
						<line number="546" hits="1"/>
						<line number="547" hits="1"/>
						<line number="548" hits="1"/>
						<line number="549" hits="1"/>
						<line number="550" hits="1"/>
						<line number="551" hits="1" branch="true" condition-coverage="100% (2/2)"/>
						<line number="552" hits="1" branch="true" condition-coverage="100% (2/2)"/>
						<line number="553" hits="1"/>
						<line number="554" hits="1"/>
						<line number="556" hits="1" branch="true" condition-coverage="100% (2/2)"/>
						<line number="557" hits="1" branch="true" condition-coverage="100% (2/2)"/>
						<line number="558" hits="1"/>
						<line number="559" hits="1"/>
						<line number="560" hits="1" branch="true" condition-coverage="100% (2/2)"/>
						<line number="561" hits="1"/>
						<line number="562" hits="1"/>
						<line number="563" hits="1" branch="true" condition-coverage="100% (2/2)"/>
						<line number="564" hits="1" branch="true" condition-coverage="100% (2/2)"/>
						<line number="565" hits="1"/>
						<line number="566" hits="1"/>
						<line number="569" hits="1" branch="true" condition-coverage="100% (2/2)"/>
						<line number="570" hits="1"/>
						<line number="571" hits="1"/>
						<line number="572" hits="1" branch="true" condition-coverage="100% (2/2)"/>
						<line number="573" hits="1" branch="true" condition-coverage="100% (2/2)"/>
						<line number="574" hits="1"/>
						<line number="575" hits="1"/>
						<line number="577" hits="1"/>
						<line number="578" hits="1"/>
						<line number="579" hits="1"/>
						<line number="580" hits="1"/>
						<line number="581" hits="1"/>
						<line number="582" hits="1" branch="true" condition-coverage="100% (2/2)"/>
						<line number="583" hits="1" branch="true" condition-coverage="100% (2/2)"/>
						<line number="584" hits="1"/>
						<line number="585" hits="1"/>
						<line number="586" hits="1" branch="true" condition-coverage="100% (2/2)"/>
						<line number="587" hits="1" branch="true" condition-coverage="100% (2/2)"/>
						<line number="588" hits="1"/>
						<line number="589" hits="1"/>
						<line number="592" hits="1" branch="true" condition-coverage="100% (2/2)"/>
						<line number="593" hits="1"/>
						<line number="594" hits="1"/>
						<line number="595" hits="1" branch="true" condition-coverage="100% (2/2)"/>
						<line number="596" hits="1" branch="true" condition-coverage="100% (2/2)"/>
						<line number="597" hits="1"/>
						<line number="598" hits="1"/>
						<line number="600" hits="1" branch="true" condition-coverage="100% (2/2)"/>
						<line number="601" hits="1"/>
						<line number="602" hits="1"/>
						<line number="603" hits="1"/>
						<line number="604" hits="1"/>
						<line number="605" hits="1"/>
						<line number="606" hits="1" branch="true" condition-coverage="100% (2/2)"/>
						<line number="607" hits="1" branch="true" condition-coverage="100% (2/2)"/>
						<line number="608" hits="1"/>
						<line number="609" hits="1"/>
						<line number="610" hits="1" branch="true" condition-coverage="100% (2/2)"/>
						<line number="611" hits="1" branch="true" condition-coverage="100% (2/2)"/>
						<line number="612" hits="1"/>
						<line number="613" hits="1"/>
						<line number="614" hits="1" branch="true" condition-coverage="100% (2/2)"/>
						<line number="615" hits="1" branch="true" condition-coverage="100% (2/2)"/>
						<line number="616" hits="1"/>
						<line number="617" hits="1"/>
						<line number="619" hits="1"/>
						<line number="620" hits="1"/>
						<line number="621" hits="1"/>
						<line number="622" hits="1"/>
						<line number="623" hits="1"/>
						<line number="624" hits="1" branch="true" condition-coverage="100% (2/2)"/>
						<line number="625" hits="1" branch="true" condition-coverage="100% (2/2)"/>
						<line number="626" hits="1"/>
						<line number="627" hits="1"/>
						<line number="629" hits="1"/>
						<line number="630" hits="1"/>
						<line number="631" hits="1"/>
						<line number="632" hits="1"/>
						<line number="633" hits="1"/>
						<line number="634" hits="1" branch="true" condition-coverage="100% (2/2)"/>
						<line number="635" hits="1" branch="true" condition-coverage="100% (2/2)"/>
						<line number="636" hits="1"/>
						<line number="637" hits="1"/>
						<line number="638" hits="1" branch="true" condition-coverage="100% (2/2)"/>
						<line number="639" hits="1" branch="true" condition-coverage="100% (2/2)"/>
						<line number="640" hits="1"/>
						<line number="641" hits="1"/>
						<line number="642" hits="1" branch="true" condition-coverage="100% (2/2)"/>
						<line number="643" hits="1" branch="true" condition-coverage="100% (2/2)"/>
						<line number="644" hits="1"/>
						<line number="645" hits="1"/>
						<line number="646" hits="1" branch="true" condition-coverage="100% (2/2)"/>
						<line number="647" hits="1"/>
						<line number="648" hits="1"/>
						<line number="649" hits="1" branch="true" condition-coverage="100% (2/2)"/>
						<line number="650" hits="1" branch="true" condition-coverage="100% (2/2)"/>
						<line number="651" hits="1"/>
						<line number="652" hits="1"/>
						<line number="655" hits="1"/>
						<line number="657" hits="1"/>
						<line number="660" hits="1"/>
						<line number="661" hits="1"/>
						<line number="666" hits="1" branch="true" condition-coverage="100% (2/2)"/>
						<line number="670" hits="1"/>
						<line number="673" hits="1" branch="true" condition-coverage="100% (2/2)"/>
						<line number="674" hits="1"/>
						<line number="676" hits="1"/>
						<line number="678" hits="1" branch="true" condition-coverage="100% (2/2)"/>
						<line number="682" hits="1"/>
						<line number="685" hits="1" branch="true" condition-coverage="100% (2/2)"/>
						<line number="686" hits="1"/>
						<line number="688" hits="1"/>
						<line number="691" hits="1"/>
						<line number="695" hits="1"/>
						<line number="697" hits="1" branch="true" condition-coverage="100% (2/2)"/>
						<line number="702" hits="1" branch="true" condition-coverage="100% (2/2)"/>
						<line number="705" hits="1"/>
						<line number="707" hits="1"/>
						<line number="710" hits="1"/>
						<line number="714" hits="1"/>
						<line number="717" hits="1"/>
						<line number="721" hits="1" branch="true" condition-coverage="100% (2/2)"/>
						<line number="722" hits="1"/>
						<line number="723" hits="1"/>
						<line number="726" hits="1"/>
						<line number="730" hits="1" branch="true" condition-coverage="100% (2/2)"/>
						<line number="731" hits="1"/>
						<line number="733" hits="1"/>
						<line number="737" hits="1" branch="true" condition-coverage="100% (2/2)"/>
						<line number="738" hits="1"/>
						<line number="740" hits="1"/>
					</lines>
				</class>
				<class name="check_compliance.py" filename="veracode/check_compliance.py" complexity="0" line-rate="1" branch-rate="1">
					<methods/>
					<lines>
						<line number="2" hits="1"/>
						<line number="7" hits="1"/>
						<line number="8" hits="1"/>
						<line number="9" hits="1"/>
						<line number="14" hits="1"/>
						<line number="17" hits="1"/>
						<line number="18" hits="1"/>
						<line number="20" hits="1"/>
						<line number="23" hits="1"/>
						<line number="24" hits="1"/>
						<line number="31" hits="1"/>
						<line number="32" hits="1"/>
						<line number="33" hits="1"/>
						<line number="34" hits="1"/>
						<line number="42" hits="1"/>
						<line number="43" hits="1"/>
						<line number="46" hits="1" branch="true" condition-coverage="100% (2/2)"/>
						<line number="47" hits="1" branch="true" condition-coverage="100% (2/2)"/>
						<line number="48" hits="1"/>
						<line number="49" hits="1"/>
						<line number="51" hits="1"/>
						<line number="54" hits="1"/>
						<line number="57" hits="1"/>
						<line number="58" hits="1"/>
						<line number="62" hits="1"/>
						<line number="64" hits="1"/>
						<line number="66" hits="1"/>
						<line number="67" hits="1"/>
						<line number="68" hits="1" branch="true" condition-coverage="100% (2/2)"/>
						<line number="69" hits="1" branch="true" condition-coverage="100% (2/2)"/>
						<line number="70" hits="1"/>
						<line number="72" hits="1"/>
						<line number="74" hits="1"/>
						<line number="77" hits="1"/>
						<line number="78" hits="1"/>
						<line number="82" hits="1"/>
						<line number="83" hits="1"/>
						<line number="84" hits="1" branch="true" condition-coverage="100% (2/2)"/>
						<line number="85" hits="1"/>
						<line number="91" hits="1"/>
						<line number="93" hits="1"/>
						<line number="96" hits="1"/>
						<line number="97" hits="1"/>
						<line number="101" hits="1"/>
						<line number="105" hits="1"/>
						<line number="106" hits="1" branch="true" condition-coverage="100% (2/2)"/>
						<line number="107" hits="1"/>
						<line number="110" hits="1" branch="true" condition-coverage="100% (2/2)"/>
						<line number="111" hits="1"/>
						<line number="113" hits="1"/>
						<line number="114" hits="1"/>
						<line number="115" hits="1"/>
						<line number="118" hits="1"/>
						<line number="121" hits="1"/>
					</lines>
				</class>
				<class name="config.py" filename="veracode/config.py" complexity="0" line-rate="1" branch-rate="1">
					<methods/>
					<lines>
						<line number="2" hits="1"/>
						<line number="7" hits="1"/>
						<line number="8" hits="1"/>
						<line number="9" hits="1"/>
						<line number="10" hits="1"/>
						<line number="11" hits="1"/>
						<line number="12" hits="1"/>
						<line number="15" hits="1"/>
						<line number="18" hits="1"/>
						<line number="19" hits="1"/>
						<line number="20" hits="1"/>
						<line number="22" hits="1"/>
						<line number="25" hits="1"/>
						<line number="29" hits="1" branch="true" condition-coverage="100% (2/2)"/>
						<line number="30" hits="1" branch="true" condition-coverage="100% (2/2)"/>
						<line number="31" hits="1" branch="true" condition-coverage="100% (2/2)"/>
						<line number="32" hits="1" branch="true" condition-coverage="100% (2/2)"/>
						<line number="37" hits="1"/>
						<line number="40" hits="1"/>
						<line number="44" hits="1" branch="true" condition-coverage="100% (2/2)"/>
						<line number="45" hits="1" branch="true" condition-coverage="100% (2/2)"/>
						<line number="46" hits="1" branch="true" condition-coverage="100% (2/2)"/>
						<line number="47" hits="1" branch="true" condition-coverage="100% (2/2)"/>
						<line number="52" hits="1"/>
						<line number="55" hits="1"/>
						<line number="60" hits="1"/>
						<line number="61" hits="1"/>
						<line number="64" hits="1" branch="true" condition-coverage="100% (2/2)"/>
						<line number="65" hits="1"/>
						<line number="68" hits="1"/>
						<line number="70" hits="1" branch="true" condition-coverage="100% (2/2)"/>
						<line number="73" hits="1"/>
						<line number="75" hits="1"/>
						<line number="78" hits="1"/>
						<line number="82" hits="1"/>
						<line number="84" hits="1"/>
						<line number="86" hits="1"/>
						<line number="88" hits="1"/>
						<line number="89" hits="1" branch="true" condition-coverage="100% (2/2)"/>
						<line number="90" hits="1"/>
						<line number="92" hits="1"/>
						<line number="95" hits="1"/>
						<line number="99" hits="1" branch="true" condition-coverage="100% (2/2)"/>
						<line number="101" hits="1"/>
						<line number="102" hits="1"/>
						<line number="105" hits="1"/>
						<line number="106" hits="1"/>
						<line number="108" hits="1"/>
						<line number="111" hits="1"/>
						<line number="116" hits="1"/>
						<line number="118" hits="1" branch="true" condition-coverage="100% (2/2)"/>
						<line number="119" hits="1"/>
						<line number="120" hits="1"/>
						<line number="122" hits="1"/>
						<line number="123" hits="1"/>
						<line number="124" hits="1"/>
						<line number="125" hits="1" branch="true" condition-coverage="100% (2/2)"/>
						<line number="126" hits="1"/>
						<line number="127" hits="1"/>
						<line number="128" hits="1" branch="true" condition-coverage="100% (2/2)"/>
						<line number="129" hits="1"/>
						<line number="132" hits="1"/>
						<line number="133" hits="1" branch="true" condition-coverage="100% (2/2)"/>
						<line number="134" hits="1"/>
						<line number="135" hits="1"/>
						<line number="136" hits="1"/>
						<line number="137" hits="1"/>
						<line number="140" hits="1"/>
						<line number="142" hits="1"/>
						<line number="145" hits="1"/>
						<line number="149" hits="1"/>
						<line number="150" hits="1"/>
						<line number="151" hits="1"/>
						<line number="152" hits="1"/>
						<line number="155" hits="1"/>
						<line number="160" hits="1" branch="true" condition-coverage="100% (2/2)"/>
						<line number="161" hits="1"/>
						<line number="164" hits="1" branch="true" condition-coverage="100% (2/2)"/>
						<line number="165" hits="1" branch="true" condition-coverage="100% (2/2)"/>
						<line number="166" hits="1"/>
						<line number="168" hits="1"/>
						<line number="172" hits="1"/>
						<line number="178" hits="1"/>
						<line number="181" hits="1" branch="true" condition-coverage="100% (2/2)"/>
						<line number="182" hits="1" branch="true" condition-coverage="100% (2/2)"/>
						<line number="183" hits="1"/>
						<line number="186" hits="1" branch="true" condition-coverage="100% (2/2)"/>
						<line number="187" hits="1"/>
						<line number="190" hits="1"/>
						<line number="195" hits="1" branch="true" condition-coverage="100% (2/2)"/>
						<line number="196" hits="1" branch="true" condition-coverage="100% (2/2)"/>
						<line number="197" hits="1"/>
						<line number="199" hits="1"/>
						<line number="200" hits="1"/>
						<line number="204" hits="1" branch="true" condition-coverage="100% (2/2)"/>
						<line number="207" hits="1"/>
						<line number="214" hits="1"/>
						<line number="216" hits="1" branch="true" condition-coverage="100% (2/2)"/>
						<line number="217" hits="1"/>
						<line number="220" hits="1" branch="true" condition-coverage="100% (2/2)"/>
						<line number="221" hits="1" branch="true" condition-coverage="100% (2/2)"/>
						<line number="222" hits="1" branch="true" condition-coverage="100% (2/2)"/>
						<line number="223" hits="1"/>
						<line number="224" hits="1"/>
						<line number="226" hits="1"/>
						<line number="229" hits="1"/>
						<line number="233" hits="1"/>
						<line number="234" hits="1"/>
						<line number="236" hits="1"/>
						<line number="242" hits="1" branch="true" condition-coverage="100% (2/2)"/>
						<line number="243" hits="1" branch="true" condition-coverage="100% (2/2)"/>
						<line number="244" hits="1"/>
						<line number="245" hits="1"/>
						<line number="248" hits="1"/>
						<line number="251" hits="1" branch="true" condition-coverage="100% (2/2)"/>
						<line number="253" hits="1" branch="true" condition-coverage="100% (2/2)"/>
						<line number="254" hits="1"/>
						<line number="255" hits="1" branch="true" condition-coverage="100% (2/2)"/>
						<line number="256" hits="1"/>
						<line number="259" hits="1"/>
						<line number="261" hits="1"/>
						<line number="263" hits="1"/>
						<line number="266" hits="1"/>
						<line number="268" hits="1"/>
						<line number="269" hits="1"/>
						<line number="272" hits="1"/>
						<line number="275" hits="1"/>
						<line number="278" hits="1" branch="true" condition-coverage="100% (2/2)"/>
						<line number="283" hits="1"/>
						<line number="286" hits="1" branch="true" condition-coverage="100% (2/2)"/>
						<line number="292" hits="1"/>
						<line number="295" hits="1"/>
						<line number="300" hits="1"/>
						<line number="305" hits="1"/>
						<line number="308" hits="1"/>
						<line number="309" hits="1"/>
						<line number="313" hits="1"/>
						<line number="314" hits="1"/>
						<line number="321" hits="1"/>
						<line number="328" hits="1"/>
						<line number="331" hits="1"/>
						<line number="335" hits="1" branch="true" condition-coverage="100% (2/2)"/>
						<line number="336" hits="1" branch="true" condition-coverage="100% (2/2)"/>
						<line number="337" hits="1"/>
						<line number="339" hits="1" branch="true" condition-coverage="100% (2/2)"/>
						<line number="340" hits="1"/>
						<line number="341" hits="1"/>
						<line number="343" hits="1" branch="true" condition-coverage="100% (2/2)"/>
						<line number="344" hits="1" branch="true" condition-coverage="100% (2/2)"/>
						<line number="345" hits="1"/>
						<line number="348" hits="1"/>
						<line number="350" hits="1"/>
						<line number="353" hits="1"/>
						<line number="357" hits="1" branch="true" condition-coverage="100% (2/2)"/>
						<line number="359" hits="1" branch="true" condition-coverage="100% (2/2)"/>
						<line number="362" hits="1" branch="true" condition-coverage="100% (2/2)"/>
						<line number="363" hits="1" branch="true" condition-coverage="100% (2/2)"/>
						<line number="364" hits="1"/>
						<line number="369" hits="1"/>
						<line number="371" hits="1" branch="true" condition-coverage="100% (2/2)"/>
						<line number="372" hits="1" branch="true" condition-coverage="100% (2/2)"/>
						<line number="373" hits="1"/>
						<line number="374" hits="1"/>
						<line number="376" hits="1"/>
						<line number="379" hits="1"/>
						<line number="383" hits="1"/>
						<line number="384" hits="1"/>
						<line number="385" hits="1"/>
						<line number="386" hits="1"/>
						<line number="390" hits="1"/>
						<line number="393" hits="1" branch="true" condition-coverage="100% (2/2)"/>
						<line number="394" hits="1" branch="true" condition-coverage="100% (2/2)"/>
						<line number="395" hits="1"/>
						<line number="399" hits="1" branch="true" condition-coverage="100% (2/2)"/>
						<line number="400" hits="1" branch="true" condition-coverage="100% (2/2)"/>
						<line number="401" hits="1"/>
						<line number="404" hits="1"/>
						<line number="407" hits="1" branch="true" condition-coverage="100% (2/2)"/>
						<line number="408" hits="1" branch="true" condition-coverage="100% (2/2)"/>
						<line number="409" hits="1"/>
						<line number="411" hits="1" branch="true" condition-coverage="100% (2/2)"/>
						<line number="412" hits="1" branch="true" condition-coverage="100% (2/2)"/>
						<line number="413" hits="1"/>
						<line number="416" hits="1" branch="true" condition-coverage="100% (2/2)"/>
						<line number="417" hits="1"/>
						<line number="420" hits="1" branch="true" condition-coverage="100% (2/2)"/>
						<line number="421" hits="1"/>
						<line number="423" hits="1"/>
						<line number="426" hits="1"/>
						<line number="432" hits="1"/>
						<line number="434" hits="1" branch="true" condition-coverage="100% (2/2)"/>
						<line number="435" hits="1" branch="true" condition-coverage="100% (2/2)"/>
						<line number="436" hits="1"/>
						<line number="437" hits="1" branch="true" condition-coverage="100% (2/2)"/>
						<line number="438" hits="1" branch="true" condition-coverage="100% (2/2)"/>
						<line number="439" hits="1"/>
						<line number="441" hits="1"/>
						<line number="442" hits="1"/>
						<line number="444" hits="1"/>
					</lines>
				</class>
				<class name="constants.py" filename="veracode/constants.py" complexity="0" line-rate="1" branch-rate="1">
					<methods/>
					<lines>
						<line number="2" hits="1"/>
						<line number="6" hits="1"/>
						<line number="7" hits="1"/>
						<line number="8" hits="1"/>
						<line number="9" hits="1"/>
						<line number="12" hits="1"/>
						<line number="31" hits="1"/>
						<line number="32" hits="1"/>
						<line number="33" hits="1"/>
						<line number="36" hits="1"/>
						<line number="37" hits="1"/>
						<line number="40" hits="1"/>
						<line number="41" hits="1"/>
						<line number="43" hits="1"/>
						<line number="52" hits="1"/>
						<line number="53" hits="1"/>
						<line number="56" hits="1"/>
						<line number="70" hits="1"/>
					</lines>
				</class>
				<class name="submit_artifacts.py" filename="veracode/submit_artifacts.py" complexity="0" line-rate="1" branch-rate="1">
					<methods/>
					<lines>
						<line number="2" hits="1"/>
						<line number="7" hits="1"/>
						<line number="8" hits="1"/>
						<line number="9" hits="1"/>
						<line number="12" hits="1"/>
						<line number="15" hits="1"/>
						<line number="16" hits="1"/>
						<line number="17" hits="1"/>
						<line number="19" hits="1"/>
						<line number="22" hits="1"/>
						<line number="23" hits="1"/>
						<line number="27" hits="1"/>
						<line number="28" hits="1"/>
						<line number="29" hits="1"/>
						<line number="32" hits="1" branch="true" condition-coverage="100% (2/2)"/>
						<line number="33" hits="1"/>
						<line number="36" hits="1"/>
						<line number="37" hits="1"/>
						<line number="38" hits="1"/>
						<line number="46" hits="1"/>
						<line number="47" hits="1"/>
						<line number="50" hits="1"/>
						<line number="51" hits="1"/>
						<line number="55" hits="1"/>
						<line number="56" hits="1"/>
						<line number="63" hits="1" branch="true" condition-coverage="100% (2/2)"/>
						<line number="64" hits="1"/>
						<line number="66" hits="1"/>
						<line number="67" hits="1"/>
						<line number="68" hits="1"/>
						<line number="69" hits="1"/>
						<line number="77" hits="1"/>
						<line number="78" hits="1"/>
						<line number="81" hits="1"/>
						<line number="88" hits="1"/>
						<line number="90" hits="1" branch="true" condition-coverage="100% (2/2)"/>
						<line number="91" hits="1"/>
						<line number="92" hits="1"/>
						<line number="94" hits="1" branch="true" condition-coverage="100% (2/2)"/>
						<line number="95" hits="1"/>
						<line number="96" hits="1"/>
						<line number="98" hits="1" branch="true" condition-coverage="100% (2/2)"/>
						<line number="99" hits="1"/>
						<line number="104" hits="1"/>
						<line number="107" hits="1"/>
						<line number="108" hits="1"/>
						<line number="116" hits="1"/>
						<line number="118" hits="1"/>
						<line number="119" hits="1"/>
						<line number="120" hits="1"/>
						<line number="123" hits="1" branch="true" condition-coverage="100% (2/2)"/>
						<line number="124" hits="1"/>
						<line number="126" hits="1"/>
						<line number="127" hits="1"/>
						<line number="128" hits="1"/>
						<line number="129" hits="1"/>
						<line number="132" hits="1"/>
						<line number="133" hits="1"/>
						<line number="134" hits="1"/>
						<line number="138" hits="1"/>
						<line number="141" hits="1"/>
						<line number="142" hits="1"/>
						<line number="146" hits="1"/>
						<line number="148" hits="1"/>
						<line number="149" hits="1" branch="true" condition-coverage="100% (2/2)"/>
						<line number="150" hits="1"/>
						<line number="152" hits="1"/>
						<line number="153" hits="1"/>
						<line number="155" hits="1"/>
						<line number="156" hits="1" branch="true" condition-coverage="100% (2/2)"/>
						<line number="157" hits="1"/>
						<line number="158" hits="1" branch="true" condition-coverage="100% (2/2)"/>
						<line number="159" hits="1"/>
						<line number="162" hits="1" branch="true" condition-coverage="100% (2/2)"/>
						<line number="163" hits="1"/>
						<line number="164" hits="1"/>
						<line number="166" hits="1"/>
						<line number="167" hits="1" branch="true" condition-coverage="100% (2/2)"/>
						<line number="168" hits="1" branch="true" condition-coverage="100% (2/2)"/>
						<line number="169" hits="1"/>
						<line number="171" hits="1"/>
						<line number="172" hits="1"/>
						<line number="174" hits="1"/>
						<line number="175" hits="1" branch="true" condition-coverage="100% (2/2)"/>
						<line number="176" hits="1"/>
						<line number="178" hits="1"/>
						<line number="179" hits="1"/>
						<line number="181" hits="1"/>
					</lines>
				</class>
			</classes>
		</package>
	</packages>
</coverage>
